<?xml version="1.0" encoding="UTF-8"?>
<testsuite xmlns:xsi="http://www.w3.org/2001/XMLSchema-instance" xsi:noNamespaceSchemaLocation="https://maven.apache.org/surefire/maven-surefire-plugin/xsd/surefire-test-report-3.0.xsd" version="3.0" name="com.decisionservicemaster.controller.api.v1.DecisionsControllerTest" time="3.184" tests="4" errors="0" skipped="0" failures="0">
  <properties>
[...]
</properties>
  <testcase name="testCreateReturns401WithInvalidToken" classname="com.decisionservicemaster.controller.api.v1.DecisionsControllerTest" time="0.351">
    <system-out><![CDATA[07:33:54.911 [main] INFO org.springframework.test.context.support.AnnotationConfigContextLoaderUtils -- Could not detect default configuration classes for test class [com.decisionservicemaster.controller.api.v1.DecisionsControllerTest]: DecisionsControllerTest does not declare any static, non-private, non-final, nested classes annotated with @Configuration.
07:33:54.991 [main] INFO org.springframework.boot.test.context.SpringBootTestContextBootstrapper -- Found @SpringBootConfiguration com.decisionservicemaster.DecisionServiceMasterApplication for test class com.decisionservicemaster.controller.api.v1.DecisionsControllerTest
07:33:55.056 [main] INFO org.springframework.boot.devtools.restart.RestartApplicationListener -- Restart disabled due to context in which it is running

  .   ____          _            __ _ _
 /\\ / ___'_ __ _ _(_)_ __  __ _ \ \ \ \
( ( )\___ | '_ | '_| | '_ \/ _` | \ \ \ \
 \\/  ___)| |_)| | | | | || (_| |  ) ) ) )
  '  |____| .__|_| |_|_| |_\__, | / / / /
 =========|_|==============|___/=/_/_/_/

 :: Spring Boot ::                (v3.5.0)

07:33:55.243 [main] INFO  c.d.c.api.v1.DecisionsControllerTest - Starting DecisionsControllerTest using Java 21.0.8 with PID 40942 (started by subirchowdhury in /Users/subirchowdhury/src/DecisionServiceMaster)
07:33:55.245 [main] DEBUG c.d.c.api.v1.DecisionsControllerTest - Running with Spring Boot v3.5.0, Spring v6.2.7
07:33:55.245 [main] INFO  c.d.c.api.v1.DecisionsControllerTest - The following 1 profile is active: "test"
07:33:56.265 [main] WARN  org.hibernate.orm.deprecation - HHH90000025: H2Dialect does not need to be specified explicitly using 'hibernate.dialect' (remove the property setting and it will be selected by default)
07:33:56.700 [main] DEBUG org.hibernate.SQL - drop table if exists addresses cascade 
07:33:56.701 [main] DEBUG org.hibernate.SQL - drop table if exists applicants cascade 
07:33:56.702 [main] DEBUG org.hibernate.SQL - drop table if exists credit_reports cascade 
07:33:56.702 [main] DEBUG org.hibernate.SQL - drop table if exists decision_requests cascade 
07:33:56.702 [main] DEBUG org.hibernate.SQL - drop table if exists decisions cascade 
07:33:56.702 [main] DEBUG org.hibernate.SQL - drop table if exists mortgage_reports cascade 
07:33:56.703 [main] DEBUG org.hibernate.SQL - create table addresses (created_at timestamp(6) not null, decision_request_id bigint not null, id bigint generated by default as identity, updated_at timestamp(6) not null, city TEXT not null, county varchar(255) not null, state varchar(255) not null, street TEXT not null, unit_number TEXT, zip varchar(255) not null, primary key (id))
07:33:56.707 [main] DEBUG org.hibernate.SQL - create table applicants (income float(53) not null, requested_loan_amount float(53) not null, created_at timestamp(6) not null, decision_request_id bigint not null, id bigint generated by default as identity, updated_at timestamp(6) not null, encrypted_ssn varchar(255) not null, encrypted_ssn_iv varchar(255), first_name varchar(255) not null, income_type varchar(255), last_name varchar(255), primary key (id))
07:33:56.707 [main] DEBUG org.hibernate.SQL - create table credit_reports (credit_score integer, applicant_id bigint not null, created_at timestamp(6) not null, id bigint generated by default as identity, updated_at timestamp(6) not null, primary key (id))
07:33:56.708 [main] DEBUG org.hibernate.SQL - create table decision_requests (application_id integer, created_at timestamp(6) not null, id bigint generated by default as identity, updated_at timestamp(6) not null, decision varchar(255), primary key (id))
07:33:56.709 [main] DEBUG org.hibernate.SQL - create table decisions (created_at timestamp(6) not null, decision_request_id bigint not null, id bigint generated by default as identity, updated_at timestamp(6) not null, decision varchar(255), message varchar(255), rule_name varchar(255), primary key (id))
07:33:56.709 [main] DEBUG org.hibernate.SQL - create table mortgage_reports (pending_mortgage integer, total_mortgage integer, address_id bigint not null, created_at timestamp(6) not null, id bigint generated by default as identity, updated_at timestamp(6) not null, regular_in_payment varchar(255), primary key (id))
07:33:56.710 [main] DEBUG org.hibernate.SQL - alter table if exists addresses add constraint FKqw166byaetoymwx728xvooqt9 foreign key (decision_request_id) references decision_requests
07:33:56.715 [main] DEBUG org.hibernate.SQL - alter table if exists applicants add constraint FKqoor6jfntrmai4ahdsnaob8bp foreign key (decision_request_id) references decision_requests
07:33:56.716 [main] DEBUG org.hibernate.SQL - alter table if exists credit_reports add constraint FK6dyk9ymplcxht22kg6h73w9qr foreign key (applicant_id) references applicants
07:33:56.716 [main] DEBUG org.hibernate.SQL - alter table if exists decisions add constraint FKtea9n0visk6uybl7u6h9ctj9a foreign key (decision_request_id) references decision_requests
07:33:56.717 [main] DEBUG org.hibernate.SQL - alter table if exists mortgage_reports add constraint FKm81klp9ynbix4bcj6uns2hhli foreign key (address_id) references addresses
07:33:57.270 [main] WARN  o.s.b.a.o.j.JpaBaseConfiguration$JpaWebConfiguration - spring.jpa.open-in-view is enabled by default. Therefore, database queries may be performed during view rendering. Explicitly configure spring.jpa.open-in-view to disable this warning
07:33:57.465 [main] INFO  o.s.b.t.m.w.SpringBootMockServletContext - Initializing Spring TestDispatcherServlet ''
07:33:57.465 [main] INFO  o.s.t.w.s.TestDispatcherServlet - Initializing Servlet ''
07:33:57.474 [main] INFO  o.s.t.w.s.TestDispatcherServlet - Completed initialization in 9 ms
07:33:57.512 [main] INFO  c.d.c.api.v1.DecisionsControllerTest - Started DecisionsControllerTest in 2.46 seconds (process running for 3.325)
]]></system-out>
    <system-err><![CDATA[Mockito is currently self-attaching to enable the inline-mock-maker. This will no longer work in future releases of the JDK. Please add Mockito as an agent to your build as described in Mockito's documentation: https://javadoc.io/doc/org.mockito/mockito-core/latest/org.mockito/org/mockito/Mockito.html#0.3
WARNING: A Java agent has been loaded dynamically (/Users/subirchowdhury/.m2/repository/net/bytebuddy/byte-buddy-agent/1.17.5/byte-buddy-agent-1.17.5.jar)
WARNING: If a serviceability tool is in use, please run with -XX:+EnableDynamicAgentLoading to hide this warning
WARNING: If a serviceability tool is not in use, please run with -Djdk.instrument.traceUsage for more information
WARNING: Dynamic loading of agents will be disallowed by default in a future release
]]></system-err>
  </testcase>
  <testcase name="testTokenIsConfigured" classname="com.decisionservicemaster.controller.api.v1.DecisionsControllerTest" time="0.005">
    <system-out><![CDATA[Configured token: test-token-12345
]]></system-out>
  </testcase>
  <testcase name="testCreateReturns200WithValidAuthentication" classname="com.decisionservicemaster.controller.api.v1.DecisionsControllerTest" time="0.074">
    <system-out><![CDATA[07:33:57.961 [main] DEBUG org.hibernate.SQL - insert into decision_requests (application_id,created_at,decision,updated_at,id) values (?,?,?,?,default)
07:33:57.981 [main] DEBUG org.hibernate.SQL - insert into addresses (city,county,created_at,decision_request_id,state,street,unit_number,updated_at,zip,id) values (?,?,?,?,?,?,?,?,?,default)
07:33:57.982 [main] DEBUG org.hibernate.SQL - insert into applicants (created_at,decision_request_id,encrypted_ssn,encrypted_ssn_iv,first_name,income,income_type,last_name,requested_loan_amount,updated_at,id) values (?,?,?,?,?,?,?,?,?,?,default)
07:33:57.987 [main] DEBUG org.hibernate.SQL - insert into mortgage_reports (address_id,created_at,pending_mortgage,regular_in_payment,total_mortgage,updated_at,id) values (?,?,?,?,?,?,default)
07:33:57.989 [main] DEBUG org.hibernate.SQL - insert into credit_reports (applicant_id,created_at,credit_score,updated_at,id) values (?,?,?,?,default)
07:33:57.990 [main] DEBUG org.hibernate.SQL - insert into decisions (created_at,decision,decision_request_id,message,rule_name,updated_at,id) values (?,?,?,?,?,?,default)
07:33:57.991 [main] DEBUG org.hibernate.SQL - insert into decisions (created_at,decision,decision_request_id,message,rule_name,updated_at,id) values (?,?,?,?,?,?,default)
]]></system-out>
  </testcase>
  <testcase name="testCreateReturnsDecisionWithValidAuthentication" classname="com.decisionservicemaster.controller.api.v1.DecisionsControllerTest" time="0.015">
    <system-out><![CDATA[07:33:58.013 [main] DEBUG org.hibernate.SQL - insert into decision_requests (application_id,created_at,decision,updated_at,id) values (?,?,?,?,default)
07:33:58.014 [main] DEBUG org.hibernate.SQL - insert into addresses (city,county,created_at,decision_request_id,state,street,unit_number,updated_at,zip,id) values (?,?,?,?,?,?,?,?,?,default)
07:33:58.014 [main] DEBUG org.hibernate.SQL - insert into applicants (created_at,decision_request_id,encrypted_ssn,encrypted_ssn_iv,first_name,income,income_type,last_name,requested_loan_amount,updated_at,id) values (?,?,?,?,?,?,?,?,?,?,default)
07:33:58.017 [main] DEBUG org.hibernate.SQL - insert into mortgage_reports (address_id,created_at,pending_mortgage,regular_in_payment,total_mortgage,updated_at,id) values (?,?,?,?,?,?,default)
07:33:58.017 [main] DEBUG org.hibernate.SQL - insert into credit_reports (applicant_id,created_at,credit_score,updated_at,id) values (?,?,?,?,default)
07:33:58.018 [main] DEBUG org.hibernate.SQL - insert into decisions (created_at,decision,decision_request_id,message,rule_name,updated_at,id) values (?,?,?,?,?,?,default)
07:33:58.018 [main] DEBUG org.hibernate.SQL - insert into decisions (created_at,decision,decision_request_id,message,rule_name,updated_at,id) values (?,?,?,?,?,?,default)
]]></system-out>
  </testcase>
</testsuite>